<?xml version="1.0" encoding="UTF-8"?>
<!-- Generated by org.testng.reporters.JUnitReportReporter -->
<testsuite hostname="DESKTOP-N9KCLHQ" failures="0" tests="1" name="testcase.FirstTest" time="4.883" errors="0" timestamp="2024-07-13T11:19:24 IST" skipped="0">
  <testcase classname="testcase.FirstTest" name="systemTesting" time="4.883"/>
</testsuite> <!-- testcase.FirstTest -->
